e:\university\dx11\tutorial01\debug\vc142.pdb
e:\university\dx11\tutorial01\debug\vc142.idb
e:\university\dx11\tutorial01\debug\ddstextureloader.obj
e:\university\dx11\tutorial01\debug\camera.obj
e:\university\dx11\tutorial01\debug\main.obj
e:\university\dx11\tutorial01\debug\simplevertex.obj
e:\university\dx11\tutorial01\debug\drawablegameobject.obj
e:\university\dx11\tutorial01\debug\application.obj
e:\university\dx11\tutorial01\debug\tutorial01.res
e:\university\dx11\debug\tutorial01.pdb
e:\university\dx11\tutorial01\debug\tutorial01.tlog\cl.command.1.tlog
e:\university\dx11\tutorial01\debug\tutorial01.tlog\cl.read.1.tlog
e:\university\dx11\tutorial01\debug\tutorial01.tlog\cl.write.1.tlog
e:\university\dx11\tutorial01\debug\tutorial01.tlog\link-cvtres.read.1.tlog
e:\university\dx11\tutorial01\debug\tutorial01.tlog\link-cvtres.write.1.tlog
e:\university\dx11\tutorial01\debug\tutorial01.tlog\link-mt.read.1.tlog
e:\university\dx11\tutorial01\debug\tutorial01.tlog\link-mt.write.1.tlog
e:\university\dx11\tutorial01\debug\tutorial01.tlog\link-rc.read.1.tlog
e:\university\dx11\tutorial01\debug\tutorial01.tlog\link-rc.write.1.tlog
e:\university\dx11\tutorial01\debug\tutorial01.tlog\link.8396-cvtres.read.1.tlog
e:\university\dx11\tutorial01\debug\tutorial01.tlog\link.8396-cvtres.write.1.tlog
e:\university\dx11\tutorial01\debug\tutorial01.tlog\link.8396-mt.read.1.tlog
e:\university\dx11\tutorial01\debug\tutorial01.tlog\link.8396-mt.write.1.tlog
e:\university\dx11\tutorial01\debug\tutorial01.tlog\link.8396-rc.read.1.tlog
e:\university\dx11\tutorial01\debug\tutorial01.tlog\link.8396-rc.write.1.tlog
e:\university\dx11\tutorial01\debug\tutorial01.tlog\link.8396.read.1.tlog
e:\university\dx11\tutorial01\debug\tutorial01.tlog\link.8396.write.1.tlog
e:\university\dx11\tutorial01\debug\tutorial01.tlog\link.command.1.tlog
e:\university\dx11\tutorial01\debug\tutorial01.tlog\link.read.1.tlog
e:\university\dx11\tutorial01\debug\tutorial01.tlog\link.write.1.tlog
e:\university\dx11\tutorial01\debug\tutorial01.tlog\rc.command.1.tlog
e:\university\dx11\tutorial01\debug\tutorial01.tlog\rc.read.1.tlog
e:\university\dx11\tutorial01\debug\tutorial01.tlog\rc.write.1.tlog
